[debug] [2018-04-15T11:55:27.716Z] ----------------------------------------------------------------------
[debug] [2018-04-15T11:55:27.719Z] Command:       /usr/local/bin/node /usr/local/bin/firebase deploy
[debug] [2018-04-15T11:55:27.719Z] CLI Version:   3.18.4
[debug] [2018-04-15T11:55:27.719Z] Platform:      darwin
[debug] [2018-04-15T11:55:27.719Z] Node Version:  v8.10.0
[debug] [2018-04-15T11:55:27.719Z] Time:          Sun Apr 15 2018 19:55:27 GMT+0800 (CST)
[debug] [2018-04-15T11:55:27.719Z] ----------------------------------------------------------------------
[debug] 
[debug] [2018-04-15T11:55:27.732Z] > command requires scopes: ["email","openid","https://www.googleapis.com/auth/cloudplatformprojects.readonly","https://www.googleapis.com/auth/firebase","https://www.googleapis.com/auth/cloud-platform"]
[debug] [2018-04-15T11:55:27.733Z] > authorizing via signed-in user
[debug] [2018-04-15T11:55:27.735Z] >>> HTTP REQUEST GET https://admin.firebase.com/v1/projects/particle-979  
  
 Sun Apr 15 2018 19:55:27 GMT+0800 (CST)
[debug] [2018-04-15T11:55:28.691Z] <<< HTTP RESPONSE 200
[debug] [2018-04-15T11:55:28.692Z] >>> HTTP REQUEST GET https://admin.firebase.com/v1/database/particle-979/tokens  
  
 Sun Apr 15 2018 19:55:28 GMT+0800 (CST)
[debug] [2018-04-15T11:55:29.422Z] <<< HTTP RESPONSE 200
[info] 
[info] === Deploying to 'particle-979'...
[info] 
[info] i  deploying hosting
[info] i  hosting: preparing www directory for upload...
[debug] [2018-04-15T11:55:36.436Z] >>> HTTP REQUEST PUT https://deploy.firebase.com/v1/hosting/particle-979/uploads/-LA89F2IfZNNuYV4-Dj4?fileCount=2317&message=  
  
 Sun Apr 15 2018 19:55:36 GMT+0800 (CST)
